/home/seth177/projects/Bot/index.js
/home/seth177/projects/Bot/node_modules/discord.io/lib/index.js
/home/seth177/projects/Bot/node_modules/ws/index.js
/home/seth177/projects/Bot/node_modules/ws/lib/WebSocket.js
/home/seth177/projects/Bot/node_modules/ultron/index.js
/home/seth177/projects/Bot/node_modules/options/lib/options.js
/home/seth177/projects/Bot/node_modules/ws/lib/Sender.js
/home/seth177/projects/Bot/node_modules/ws/lib/ErrorCodes.js
/home/seth177/projects/Bot/node_modules/ws/lib/BufferUtil.js
/home/seth177/projects/Bot/node_modules/ws/lib/BufferUtil.fallback.js
/home/seth177/projects/Bot/node_modules/ws/lib/PerMessageDeflate.js
/home/seth177/projects/Bot/node_modules/ws/lib/Receiver.js
/home/seth177/projects/Bot/node_modules/ws/lib/Validation.js
/home/seth177/projects/Bot/node_modules/ws/lib/Validation.fallback.js
/home/seth177/projects/Bot/node_modules/ws/lib/BufferPool.js
/home/seth177/projects/Bot/node_modules/ws/lib/Sender.hixie.js
/home/seth177/projects/Bot/node_modules/ws/lib/Receiver.hixie.js
/home/seth177/projects/Bot/node_modules/ws/lib/Extensions.js
/home/seth177/projects/Bot/node_modules/ws/lib/WebSocketServer.js
/home/seth177/projects/Bot/node_modules/discord.io/node_modules/tweetnacl/nacl-fast.js
/home/seth177/projects/Bot/node_modules/discord.io/package.json
/home/seth177/projects/Bot/node_modules/winston/lib/winston.js
/home/seth177/projects/Bot/node_modules/pkginfo/lib/pkginfo.js
/home/seth177/projects/Bot/node_modules/winston/lib/winston/transports.js
/home/seth177/projects/Bot/node_modules/winston/lib/winston/common.js
/home/seth177/projects/Bot/node_modules/cycle/cycle.js
/home/seth177/projects/Bot/node_modules/winston/lib/winston/config.js
/home/seth177/projects/Bot/node_modules/colors/safe.js
/home/seth177/projects/Bot/node_modules/colors/lib/colors.js
/home/seth177/projects/Bot/node_modules/colors/lib/styles.js
/home/seth177/projects/Bot/node_modules/colors/lib/system/supports-colors.js
/home/seth177/projects/Bot/node_modules/colors/lib/custom/trap.js
/home/seth177/projects/Bot/node_modules/colors/lib/custom/zalgo.js
/home/seth177/projects/Bot/node_modules/colors/lib/maps/america.js
/home/seth177/projects/Bot/node_modules/colors/lib/maps/zebra.js
/home/seth177/projects/Bot/node_modules/colors/lib/maps/rainbow.js
/home/seth177/projects/Bot/node_modules/colors/lib/maps/random.js
/home/seth177/projects/Bot/node_modules/winston/lib/winston/config/cli-config.js
/home/seth177/projects/Bot/node_modules/winston/lib/winston/config/npm-config.js
/home/seth177/projects/Bot/node_modules/winston/lib/winston/config/syslog-config.js
/home/seth177/projects/Bot/node_modules/winston/lib/winston/exception.js
/home/seth177/projects/Bot/node_modules/stack-trace/lib/stack-trace.js
/home/seth177/projects/Bot/node_modules/winston/lib/winston/container.js
/home/seth177/projects/Bot/node_modules/winston/lib/winston/logger.js
/home/seth177/projects/Bot/node_modules/winston/node_modules/async/lib/async.js
/home/seth177/projects/Bot/node_modules/winston/lib/winston/transports/transport.js
/home/seth177/projects/Bot/node_modules/winston/lib/winston/transports/console.js
/home/seth177/config.json
/home/seth177/projects/Bot/node_modules/roll/lib/index.js
/home/seth177/projects/Bot/node_modules/roll/lib/input-error.js
/home/seth177/projects/Bot/node_modules/roll/lib/transforms/index.js
/home/seth177/projects/Bot/node_modules/require-directory/index.js
/home/seth177/projects/Bot/node_modules/roll/lib/transforms/add.js
/home/seth177/projects/Bot/node_modules/roll/lib/transforms/best-of.js
/home/seth177/projects/Bot/node_modules/roll/lib/transforms/divide.js
/home/seth177/projects/Bot/node_modules/roll/lib/transforms/multiply.js
/home/seth177/projects/Bot/node_modules/roll/lib/transforms/subtract.js
/home/seth177/projects/Bot/node_modules/roll/lib/transforms/sum.js
/home/seth177/projects/Bot/node_modules/roll/lib/transforms/worst-of.js
/home/seth177/projects/Bot/node_modules/roll/lib/keys.js
/home/seth177/projects/Bot/node_modules/mathjs/index.js
/home/seth177/projects/Bot/node_modules/mathjs/core.js
/home/seth177/projects/Bot/node_modules/mathjs/lib/core/core.js
/home/seth177/projects/Bot/node_modules/mathjs/lib/utils/object.js
/home/seth177/projects/Bot/node_modules/mathjs/lib/core/typed.js
/home/seth177/projects/Bot/node_modules/typed-function/typed-function.js
/home/seth177/projects/Bot/node_modules/mathjs/lib/utils/number.js
/home/seth177/projects/Bot/node_modules/mathjs/lib/utils/NumberFormatter.js
/home/seth177/projects/Bot/node_modules/mathjs/lib/utils/emitter.js
/home/seth177/projects/Bot/node_modules/tiny-emitter/index.js
/home/seth177/projects/Bot/node_modules/mathjs/lib/core/function/import.js
/home/seth177/projects/Bot/node_modules/mathjs/lib/error/ArgumentsError.js
/home/seth177/projects/Bot/node_modules/mathjs/lib/core/function/config.js
/home/seth177/projects/Bot/node_modules/mathjs/lib/index.js
/home/seth177/projects/Bot/node_modules/mathjs/lib/type/index.js
/home/seth177/projects/Bot/node_modules/mathjs/lib/type/bignumber/index.js
/home/seth177/projects/Bot/node_modules/mathjs/lib/type/bignumber/BigNumber.js
/home/seth177/projects/Bot/node_modules/decimal.js/decimal.js
/home/seth177/projects/Bot/node_modules/mathjs/lib/type/bignumber/function/bignumber.js
/home/seth177/projects/Bot/node_modules/mathjs/lib/utils/collection/deepMap.js
/home/seth177/projects/Bot/node_modules/mathjs/lib/type/boolean.js
/home/seth177/projects/Bot/node_modules/mathjs/lib/type/chain/index.js
/home/seth177/projects/Bot/node_modules/mathjs/lib/type/chain/Chain.js
/home/seth177/projects/Bot/node_modules/mathjs/lib/utils/string.js
/home/seth177/projects/Bot/node_modules/mathjs/lib/utils/bignumber/formatter.js
/home/seth177/projects/Bot/node_modules/mathjs/lib/type/chain/function/chain.js
/home/seth177/projects/Bot/node_modules/mathjs/lib/type/complex/index.js
/home/seth177/projects/Bot/node_modules/mathjs/lib/type/complex/Complex.js
/home/seth177/projects/Bot/node_modules/complex.js/complex.js
/home/seth177/projects/Bot/node_modules/mathjs/lib/type/complex/function/complex.js
/home/seth177/projects/Bot/node_modules/mathjs/lib/type/fraction/index.js
/home/seth177/projects/Bot/node_modules/mathjs/lib/type/fraction/Fraction.js
/home/seth177/projects/Bot/node_modules/fraction.js/fraction.js
/home/seth177/projects/Bot/node_modules/mathjs/lib/type/fraction/function/fraction.js
/home/seth177/projects/Bot/node_modules/mathjs/lib/type/matrix/index.js
/home/seth177/projects/Bot/node_modules/mathjs/lib/type/matrix/Matrix.js
/home/seth177/projects/Bot/node_modules/mathjs/lib/utils/index.js
/home/seth177/projects/Bot/node_modules/mathjs/lib/utils/array.js
/home/seth177/projects/Bot/node_modules/mathjs/lib/utils/types.js
/home/seth177/projects/Bot/node_modules/mathjs/lib/error/DimensionError.js
/home/seth177/projects/Bot/node_modules/mathjs/lib/error/IndexError.js
/home/seth177/projects/Bot/node_modules/mathjs/lib/utils/boolean.js
/home/seth177/projects/Bot/node_modules/mathjs/lib/utils/function.js
/home/seth177/projects/Bot/node_modules/mathjs/lib/type/matrix/DenseMatrix.js
/home/seth177/projects/Bot/node_modules/mathjs/lib/type/matrix/SparseMatrix.js
/home/seth177/projects/Bot/node_modules/mathjs/lib/type/matrix/Spa.js
/home/seth177/projects/Bot/node_modules/mathjs/lib/type/matrix/FibonacciHeap.js
/home/seth177/projects/Bot/node_modules/mathjs/lib/type/matrix/ImmutableDenseMatrix.js
/home/seth177/projects/Bot/node_modules/mathjs/lib/type/matrix/MatrixIndex.js
/home/seth177/projects/Bot/node_modules/mathjs/lib/type/matrix/Range.js
/home/seth177/projects/Bot/node_modules/mathjs/lib/type/matrix/function/index.js
/home/seth177/projects/Bot/node_modules/mathjs/lib/type/matrix/function/matrix.js
/home/seth177/projects/Bot/node_modules/mathjs/lib/type/matrix/function/sparse.js
/home/seth177/projects/Bot/node_modules/mathjs/lib/type/number.js
/home/seth177/projects/Bot/node_modules/mathjs/lib/type/resultset/index.js
/home/seth177/projects/Bot/node_modules/mathjs/lib/type/resultset/ResultSet.js
/home/seth177/projects/Bot/node_modules/mathjs/lib/type/string.js
/home/seth177/projects/Bot/node_modules/mathjs/lib/type/unit/index.js
/home/seth177/projects/Bot/node_modules/mathjs/lib/type/unit/Unit.js
/home/seth177/projects/Bot/node_modules/mathjs/lib/utils/bignumber/constants.js
/home/seth177/projects/Bot/node_modules/mathjs/lib/type/unit/function/unit.js
/home/seth177/projects/Bot/node_modules/mathjs/lib/type/unit/physicalConstants.js
/home/seth177/projects/Bot/node_modules/mathjs/lib/constants.js
/home/seth177/projects/Bot/node_modules/mathjs/lib/expression/index.js
/home/seth177/projects/Bot/node_modules/mathjs/lib/expression/docs/index.js
/home/seth177/projects/Bot/node_modules/mathjs/lib/expression/function/index.js
/home/seth177/projects/Bot/node_modules/mathjs/lib/expression/function/compile.js
/home/seth177/projects/Bot/node_modules/mathjs/lib/expression/function/eval.js
/home/seth177/projects/Bot/node_modules/mathjs/lib/expression/function/help.js
/home/seth177/projects/Bot/node_modules/mathjs/lib/expression/function/parse.js
/home/seth177/projects/Bot/node_modules/mathjs/lib/expression/function/parser.js
/home/seth177/projects/Bot/node_modules/mathjs/lib/expression/node/index.js
/home/seth177/projects/Bot/node_modules/mathjs/lib/expression/node/AccessorNode.js
/home/seth177/projects/Bot/node_modules/mathjs/lib/expression/node/ArrayNode.js
/home/seth177/projects/Bot/node_modules/mathjs/lib/expression/node/AssignmentNode.js
/home/seth177/projects/Bot/node_modules/mathjs/lib/utils/latex.js
/home/seth177/projects/Bot/node_modules/mathjs/lib/expression/node/BlockNode.js
/home/seth177/projects/Bot/node_modules/mathjs/lib/expression/node/ConditionalNode.js
/home/seth177/projects/Bot/node_modules/mathjs/lib/expression/operators.js
/home/seth177/projects/Bot/node_modules/mathjs/lib/expression/node/ConstantNode.js
/home/seth177/projects/Bot/node_modules/mathjs/lib/expression/node/IndexNode.js
/home/seth177/projects/Bot/node_modules/mathjs/lib/expression/node/FunctionAssignmentNode.js
/home/seth177/projects/Bot/node_modules/mathjs/lib/expression/keywords.js
/home/seth177/projects/Bot/node_modules/mathjs/lib/expression/node/FunctionNode.js
/home/seth177/projects/Bot/node_modules/mathjs/lib/expression/node/Node.js
/home/seth177/projects/Bot/node_modules/mathjs/lib/expression/node/ObjectNode.js
/home/seth177/projects/Bot/node_modules/mathjs/lib/expression/node/OperatorNode.js
/home/seth177/projects/Bot/node_modules/mathjs/lib/expression/node/ParenthesisNode.js
/home/seth177/projects/Bot/node_modules/mathjs/lib/expression/node/RangeNode.js
/home/seth177/projects/Bot/node_modules/mathjs/lib/expression/node/SymbolNode.js
/home/seth177/projects/Bot/node_modules/mathjs/lib/expression/node/UpdateNode.js
/home/seth177/projects/Bot/node_modules/mathjs/lib/expression/transform/index.js
/home/seth177/projects/Bot/node_modules/mathjs/lib/expression/transform/concat.transform.js
/home/seth177/projects/Bot/node_modules/mathjs/lib/expression/transform/error.transform.js
/home/seth177/projects/Bot/node_modules/mathjs/lib/expression/transform/filter.transform.js
/home/seth177/projects/Bot/node_modules/mathjs/lib/expression/transform/forEach.transform.js
/home/seth177/projects/Bot/node_modules/mathjs/lib/expression/transform/index.transform.js
/home/seth177/projects/Bot/node_modules/mathjs/lib/expression/transform/map.transform.js
/home/seth177/projects/Bot/node_modules/mathjs/lib/expression/transform/max.transform.js
/home/seth177/projects/Bot/node_modules/mathjs/lib/utils/collection/isCollection.js
/home/seth177/projects/Bot/node_modules/mathjs/lib/expression/transform/mean.transform.js
/home/seth177/projects/Bot/node_modules/mathjs/lib/expression/transform/min.transform.js
/home/seth177/projects/Bot/node_modules/mathjs/lib/expression/transform/range.transform.js
/home/seth177/projects/Bot/node_modules/mathjs/lib/expression/transform/subset.transform.js
/home/seth177/projects/Bot/node_modules/mathjs/lib/expression/Help.js
/home/seth177/projects/Bot/node_modules/mathjs/lib/expression/parse.js
/home/seth177/projects/Bot/node_modules/mathjs/lib/expression/Parser.js
/home/seth177/projects/Bot/node_modules/mathjs/lib/function/index.js
/home/seth177/projects/Bot/node_modules/mathjs/lib/function/algebra/index.js
/home/seth177/projects/Bot/node_modules/mathjs/lib/function/algebra/decomposition/lup.js
/home/seth177/projects/Bot/node_modules/mathjs/lib/function/algebra/decomposition/slu.js
/home/seth177/projects/Bot/node_modules/mathjs/lib/function/algebra/solver/lsolve.js
/home/seth177/projects/Bot/node_modules/mathjs/lib/function/algebra/solver/lusolve.js
/home/seth177/projects/Bot/node_modules/mathjs/lib/function/algebra/solver/usolve.js
/home/seth177/projects/Bot/node_modules/mathjs/lib/function/arithmetic/index.js
/home/seth177/projects/Bot/node_modules/mathjs/lib/function/arithmetic/abs.js
/home/seth177/projects/Bot/node_modules/mathjs/lib/function/arithmetic/add.js
/home/seth177/projects/Bot/node_modules/mathjs/lib/function/arithmetic/addScalar.js
/home/seth177/projects/Bot/node_modules/mathjs/lib/function/arithmetic/cbrt.js
/home/seth177/projects/Bot/node_modules/mathjs/lib/function/arithmetic/ceil.js
/home/seth177/projects/Bot/node_modules/mathjs/lib/function/arithmetic/cube.js
/home/seth177/projects/Bot/node_modules/mathjs/lib/function/arithmetic/divide.js
/home/seth177/projects/Bot/node_modules/mathjs/lib/function/arithmetic/dotDivide.js
/home/seth177/projects/Bot/node_modules/mathjs/lib/function/arithmetic/dotMultiply.js
/home/seth177/projects/Bot/node_modules/mathjs/lib/function/arithmetic/dotPow.js
/home/seth177/projects/Bot/node_modules/mathjs/lib/function/arithmetic/exp.js
/home/seth177/projects/Bot/node_modules/mathjs/lib/function/arithmetic/fix.js
/home/seth177/projects/Bot/node_modules/mathjs/lib/function/arithmetic/floor.js
/home/seth177/projects/Bot/node_modules/mathjs/lib/function/arithmetic/gcd.js
/home/seth177/projects/Bot/node_modules/mathjs/lib/function/arithmetic/hypot.js
/home/seth177/projects/Bot/node_modules/mathjs/lib/function/arithmetic/lcm.js
/home/seth177/projects/Bot/node_modules/mathjs/lib/function/arithmetic/log.js
/home/seth177/projects/Bot/node_modules/mathjs/lib/function/arithmetic/log10.js
/home/seth177/projects/Bot/node_modules/mathjs/lib/function/arithmetic/mod.js
/home/seth177/projects/Bot/node_modules/mathjs/lib/function/arithmetic/multiply.js
/home/seth177/projects/Bot/node_modules/mathjs/lib/function/arithmetic/norm.js
/home/seth177/projects/Bot/node_modules/mathjs/lib/function/arithmetic/nthRoot.js
/home/seth177/projects/Bot/node_modules/mathjs/lib/function/arithmetic/pow.js
/home/seth177/projects/Bot/node_modules/mathjs/lib/function/arithmetic/round.js
/home/seth177/projects/Bot/node_modules/mathjs/lib/function/arithmetic/sign.js
/home/seth177/projects/Bot/node_modules/mathjs/lib/function/arithmetic/sqrt.js
/home/seth177/projects/Bot/node_modules/mathjs/lib/function/arithmetic/square.js
/home/seth177/projects/Bot/node_modules/mathjs/lib/function/arithmetic/subtract.js
/home/seth177/projects/Bot/node_modules/mathjs/lib/function/arithmetic/unaryMinus.js
/home/seth177/projects/Bot/node_modules/mathjs/lib/function/arithmetic/unaryPlus.js
/home/seth177/projects/Bot/node_modules/mathjs/lib/function/arithmetic/xgcd.js
/home/seth177/projects/Bot/node_modules/mathjs/lib/function/bitwise/index.js
/home/seth177/projects/Bot/node_modules/mathjs/lib/function/bitwise/bitAnd.js
/home/seth177/projects/Bot/node_modules/mathjs/lib/utils/bignumber/bitAnd.js
/home/seth177/projects/Bot/node_modules/mathjs/lib/utils/bignumber/bitwise.js
/home/seth177/projects/Bot/node_modules/mathjs/lib/utils/bignumber/bitNot.js
/home/seth177/projects/Bot/node_modules/mathjs/lib/function/bitwise/bitNot.js
/home/seth177/projects/Bot/node_modules/mathjs/lib/function/bitwise/bitOr.js
/home/seth177/projects/Bot/node_modules/mathjs/lib/utils/bignumber/bitOr.js
/home/seth177/projects/Bot/node_modules/mathjs/lib/function/bitwise/bitXor.js
/home/seth177/projects/Bot/node_modules/mathjs/lib/utils/bignumber/bitXor.js
/home/seth177/projects/Bot/node_modules/mathjs/lib/function/bitwise/leftShift.js
/home/seth177/projects/Bot/node_modules/mathjs/lib/utils/bignumber/leftShift.js
/home/seth177/projects/Bot/node_modules/mathjs/lib/function/bitwise/rightArithShift.js
/home/seth177/projects/Bot/node_modules/mathjs/lib/utils/bignumber/rightArithShift.js
/home/seth177/projects/Bot/node_modules/mathjs/lib/function/bitwise/rightLogShift.js
/home/seth177/projects/Bot/node_modules/mathjs/lib/function/combinatorics/index.js
/home/seth177/projects/Bot/node_modules/mathjs/lib/function/combinatorics/bellNumbers.js
/home/seth177/projects/Bot/node_modules/mathjs/lib/function/combinatorics/composition.js
/home/seth177/projects/Bot/node_modules/mathjs/lib/function/combinatorics/stirlingS2.js
/home/seth177/projects/Bot/node_modules/mathjs/lib/function/combinatorics/catalan.js
/home/seth177/projects/Bot/node_modules/mathjs/lib/function/complex/index.js
/home/seth177/projects/Bot/node_modules/mathjs/lib/function/complex/arg.js
/home/seth177/projects/Bot/node_modules/mathjs/lib/function/complex/conj.js
/home/seth177/projects/Bot/node_modules/mathjs/lib/function/complex/im.js
/home/seth177/projects/Bot/node_modules/mathjs/lib/function/complex/re.js
/home/seth177/projects/Bot/node_modules/mathjs/lib/function/geometry/index.js
/home/seth177/projects/Bot/node_modules/mathjs/lib/function/geometry/intersect.js
/home/seth177/projects/Bot/node_modules/mathjs/lib/function/geometry/distance.js
/home/seth177/projects/Bot/node_modules/mathjs/lib/function/logical/index.js
/home/seth177/projects/Bot/node_modules/mathjs/lib/function/logical/and.js
/home/seth177/projects/Bot/node_modules/mathjs/lib/function/logical/not.js
/home/seth177/projects/Bot/node_modules/mathjs/lib/function/logical/or.js
/home/seth177/projects/Bot/node_modules/mathjs/lib/function/logical/xor.js
/home/seth177/projects/Bot/node_modules/mathjs/lib/function/matrix/index.js
/home/seth177/projects/Bot/node_modules/mathjs/lib/function/matrix/concat.js
/home/seth177/projects/Bot/node_modules/mathjs/lib/function/matrix/cross.js
/home/seth177/projects/Bot/node_modules/mathjs/lib/function/matrix/det.js
/home/seth177/projects/Bot/node_modules/mathjs/lib/function/matrix/diag.js
/home/seth177/projects/Bot/node_modules/mathjs/lib/function/matrix/dot.js
/home/seth177/projects/Bot/node_modules/mathjs/lib/function/matrix/eye.js
/home/seth177/projects/Bot/node_modules/mathjs/lib/function/matrix/filter.js
/home/seth177/projects/Bot/node_modules/mathjs/lib/function/matrix/flatten.js
/home/seth177/projects/Bot/node_modules/mathjs/lib/function/matrix/forEach.js
/home/seth177/projects/Bot/node_modules/mathjs/lib/function/matrix/inv.js
/home/seth177/projects/Bot/node_modules/mathjs/lib/function/matrix/map.js
/home/seth177/projects/Bot/node_modules/mathjs/lib/function/matrix/ones.js
/home/seth177/projects/Bot/node_modules/mathjs/lib/function/matrix/partitionSelect.js
/home/seth177/projects/Bot/node_modules/mathjs/lib/function/matrix/range.js
/home/seth177/projects/Bot/node_modules/mathjs/lib/function/matrix/resize.js
/home/seth177/projects/Bot/node_modules/mathjs/lib/function/matrix/size.js
/home/seth177/projects/Bot/node_modules/mathjs/lib/function/matrix/sort.js
/home/seth177/projects/Bot/node_modules/mathjs/lib/function/matrix/squeeze.js
/home/seth177/projects/Bot/node_modules/mathjs/lib/function/matrix/subset.js
/home/seth177/projects/Bot/node_modules/mathjs/lib/function/matrix/trace.js
/home/seth177/projects/Bot/node_modules/mathjs/lib/function/matrix/transpose.js
/home/seth177/projects/Bot/node_modules/mathjs/lib/function/matrix/zeros.js
/home/seth177/projects/Bot/node_modules/mathjs/lib/function/probability/index.js
/home/seth177/projects/Bot/node_modules/mathjs/lib/function/probability/combinations.js
/home/seth177/projects/Bot/node_modules/mathjs/lib/function/probability/factorial.js
/home/seth177/projects/Bot/node_modules/mathjs/lib/function/probability/gamma.js
/home/seth177/projects/Bot/node_modules/mathjs/lib/function/probability/kldivergence.js
/home/seth177/projects/Bot/node_modules/mathjs/lib/function/probability/multinomial.js
/home/seth177/projects/Bot/node_modules/mathjs/lib/utils/collection/deepForEach.js
/home/seth177/projects/Bot/node_modules/mathjs/lib/function/probability/permutations.js
/home/seth177/projects/Bot/node_modules/mathjs/lib/function/probability/pickRandom.js
/home/seth177/projects/Bot/node_modules/mathjs/lib/function/probability/random.js
/home/seth177/projects/Bot/node_modules/mathjs/lib/function/probability/randomInt.js
/home/seth177/projects/Bot/node_modules/mathjs/lib/function/relational/index.js
/home/seth177/projects/Bot/node_modules/mathjs/lib/function/relational/compare.js
/home/seth177/projects/Bot/node_modules/mathjs/lib/utils/bignumber/nearlyEqual.js
/home/seth177/projects/Bot/node_modules/mathjs/lib/function/relational/deepEqual.js
/home/seth177/projects/Bot/node_modules/mathjs/lib/function/relational/equal.js
/home/seth177/projects/Bot/node_modules/mathjs/lib/function/relational/larger.js
/home/seth177/projects/Bot/node_modules/mathjs/lib/function/relational/largerEq.js
/home/seth177/projects/Bot/node_modules/mathjs/lib/function/relational/smaller.js
/home/seth177/projects/Bot/node_modules/mathjs/lib/function/relational/smallerEq.js
/home/seth177/projects/Bot/node_modules/mathjs/lib/function/relational/unequal.js
/home/seth177/projects/Bot/node_modules/mathjs/lib/function/statistics/index.js
/home/seth177/projects/Bot/node_modules/mathjs/lib/function/statistics/max.js
/home/seth177/projects/Bot/node_modules/mathjs/lib/utils/collection/reduce.js
/home/seth177/projects/Bot/node_modules/mathjs/lib/utils/collection/containsCollections.js
/home/seth177/projects/Bot/node_modules/mathjs/lib/function/statistics/mean.js
/home/seth177/projects/Bot/node_modules/mathjs/lib/function/statistics/median.js
/home/seth177/projects/Bot/node_modules/mathjs/lib/function/statistics/min.js
/home/seth177/projects/Bot/node_modules/mathjs/lib/function/statistics/mode.js
/home/seth177/projects/Bot/node_modules/mathjs/lib/function/statistics/prod.js
/home/seth177/projects/Bot/node_modules/mathjs/lib/function/statistics/quantileSeq.js
/home/seth177/projects/Bot/node_modules/mathjs/lib/function/statistics/std.js
/home/seth177/projects/Bot/node_modules/mathjs/lib/function/statistics/sum.js
/home/seth177/projects/Bot/node_modules/mathjs/lib/function/statistics/var.js
/home/seth177/projects/Bot/node_modules/mathjs/lib/function/string/index.js
/home/seth177/projects/Bot/node_modules/mathjs/lib/function/string/format.js
/home/seth177/projects/Bot/node_modules/mathjs/lib/function/string/print.js
/home/seth177/projects/Bot/node_modules/mathjs/lib/function/trigonometry/index.js
/home/seth177/projects/Bot/node_modules/mathjs/lib/function/trigonometry/acos.js
/home/seth177/projects/Bot/node_modules/mathjs/lib/function/trigonometry/acosh.js
/home/seth177/projects/Bot/node_modules/mathjs/lib/function/trigonometry/acot.js
/home/seth177/projects/Bot/node_modules/mathjs/lib/function/trigonometry/acoth.js
/home/seth177/projects/Bot/node_modules/mathjs/lib/function/trigonometry/acsc.js
/home/seth177/projects/Bot/node_modules/mathjs/lib/function/trigonometry/acsch.js
/home/seth177/projects/Bot/node_modules/mathjs/lib/function/trigonometry/asec.js
/home/seth177/projects/Bot/node_modules/mathjs/lib/function/trigonometry/asech.js
/home/seth177/projects/Bot/node_modules/mathjs/lib/function/trigonometry/asin.js
/home/seth177/projects/Bot/node_modules/mathjs/lib/function/trigonometry/asinh.js
/home/seth177/projects/Bot/node_modules/mathjs/lib/function/trigonometry/atan.js
/home/seth177/projects/Bot/node_modules/mathjs/lib/function/trigonometry/atan2.js
/home/seth177/projects/Bot/node_modules/mathjs/lib/function/trigonometry/atanh.js
/home/seth177/projects/Bot/node_modules/mathjs/lib/function/trigonometry/cos.js
/home/seth177/projects/Bot/node_modules/mathjs/lib/function/trigonometry/cosh.js
/home/seth177/projects/Bot/node_modules/mathjs/lib/function/trigonometry/cot.js
/home/seth177/projects/Bot/node_modules/mathjs/lib/function/trigonometry/coth.js
/home/seth177/projects/Bot/node_modules/mathjs/lib/function/trigonometry/csc.js
/home/seth177/projects/Bot/node_modules/mathjs/lib/function/trigonometry/csch.js
/home/seth177/projects/Bot/node_modules/mathjs/lib/function/trigonometry/sec.js
/home/seth177/projects/Bot/node_modules/mathjs/lib/function/trigonometry/sech.js
/home/seth177/projects/Bot/node_modules/mathjs/lib/function/trigonometry/sin.js
/home/seth177/projects/Bot/node_modules/mathjs/lib/function/trigonometry/sinh.js
/home/seth177/projects/Bot/node_modules/mathjs/lib/function/trigonometry/tan.js
/home/seth177/projects/Bot/node_modules/mathjs/lib/function/trigonometry/tanh.js
/home/seth177/projects/Bot/node_modules/mathjs/lib/function/unit/index.js
/home/seth177/projects/Bot/node_modules/mathjs/lib/function/unit/to.js
/home/seth177/projects/Bot/node_modules/mathjs/lib/function/utils/index.js
/home/seth177/projects/Bot/node_modules/mathjs/lib/function/utils/clone.js
/home/seth177/projects/Bot/node_modules/mathjs/lib/function/utils/isInteger.js
/home/seth177/projects/Bot/node_modules/mathjs/lib/function/utils/isNegative.js
/home/seth177/projects/Bot/node_modules/mathjs/lib/function/utils/isNumeric.js
/home/seth177/projects/Bot/node_modules/mathjs/lib/function/utils/isPositive.js
/home/seth177/projects/Bot/node_modules/mathjs/lib/function/utils/isZero.js
/home/seth177/projects/Bot/node_modules/mathjs/lib/function/utils/isNaN.js
/home/seth177/projects/Bot/node_modules/mathjs/lib/function/utils/typeof.js
/home/seth177/projects/Bot/node_modules/mathjs/lib/json/index.js
/home/seth177/projects/Bot/node_modules/mathjs/lib/json/reviver.js
/home/seth177/projects/Bot/node_modules/mathjs/lib/error/index.js
/home/seth177/projects/Bot/node_modules/mathjs/lib/function/relational/equalScalar.js
/home/seth177/projects/Bot/node_modules/mathjs/lib/version.js
/home/seth177/projects/Bot/node_modules/youtube-node/index.js
/home/seth177/projects/Bot/node_modules/youtube-node/lib/youtube.js
/home/seth177/projects/Bot/node_modules/youtube-node/node_modules/request/index.js
/home/seth177/projects/Bot/node_modules/youtube-node/node_modules/request/lib/cookies.js
/home/seth177/projects/Bot/node_modules/tough-cookie/lib/cookie.js
/home/seth177/projects/Bot/node_modules/tough-cookie/lib/pubsuffix.js
/home/seth177/projects/Bot/node_modules/tough-cookie/lib/store.js
/home/seth177/projects/Bot/node_modules/tough-cookie/lib/memstore.js
/home/seth177/projects/Bot/node_modules/tough-cookie/lib/permuteDomain.js
/home/seth177/projects/Bot/node_modules/tough-cookie/lib/pathMatch.js
/home/seth177/projects/Bot/node_modules/tough-cookie/package.json
/home/seth177/projects/Bot/node_modules/youtube-node/node_modules/request/lib/helpers.js
/home/seth177/projects/Bot/node_modules/json-stringify-safe/stringify.js
/home/seth177/projects/Bot/node_modules/youtube-node/node_modules/request/request.js
/home/seth177/projects/Bot/node_modules/youtube-node/node_modules/qs/index.js
/home/seth177/projects/Bot/node_modules/youtube-node/node_modules/qs/lib/index.js
/home/seth177/projects/Bot/node_modules/youtube-node/node_modules/qs/lib/stringify.js
/home/seth177/projects/Bot/node_modules/youtube-node/node_modules/qs/lib/utils.js
/home/seth177/projects/Bot/node_modules/youtube-node/node_modules/qs/lib/parse.js
/home/seth177/projects/Bot/node_modules/youtube-node/node_modules/bl/bl.js
/home/seth177/projects/Bot/node_modules/youtube-node/node_modules/readable-stream/duplex.js
/home/seth177/projects/Bot/node_modules/youtube-node/node_modules/readable-stream/lib/_stream_duplex.js
/home/seth177/projects/Bot/node_modules/core-util-is/lib/util.js
/home/seth177/projects/Bot/node_modules/inherits/inherits.js
/home/seth177/projects/Bot/node_modules/youtube-node/node_modules/readable-stream/lib/_stream_readable.js
/home/seth177/projects/Bot/node_modules/youtube-node/node_modules/isarray/index.js
/home/seth177/projects/Bot/node_modules/youtube-node/node_modules/readable-stream/lib/_stream_writable.js
/home/seth177/projects/Bot/node_modules/youtube-node/node_modules/hawk/index.js
/home/seth177/projects/Bot/node_modules/youtube-node/node_modules/hawk/lib/index.js
/home/seth177/projects/Bot/node_modules/boom/lib/index.js
/home/seth177/projects/Bot/node_modules/hoek/lib/index.js
/home/seth177/projects/Bot/node_modules/hoek/lib/escape.js
/home/seth177/projects/Bot/node_modules/sntp/index.js
/home/seth177/projects/Bot/node_modules/sntp/lib/index.js
/home/seth177/projects/Bot/node_modules/youtube-node/node_modules/hawk/lib/server.js
/home/seth177/projects/Bot/node_modules/cryptiles/lib/index.js
/home/seth177/projects/Bot/node_modules/youtube-node/node_modules/hawk/lib/crypto.js
/home/seth177/projects/Bot/node_modules/youtube-node/node_modules/hawk/lib/utils.js
/home/seth177/projects/Bot/node_modules/youtube-node/node_modules/hawk/lib/client.js
/home/seth177/projects/Bot/node_modules/youtube-node/node_modules/aws-sign2/index.js
/home/seth177/projects/Bot/node_modules/youtube-node/node_modules/http-signature/lib/index.js
/home/seth177/projects/Bot/node_modules/youtube-node/node_modules/http-signature/lib/parser.js
/home/seth177/projects/Bot/node_modules/youtube-node/node_modules/assert-plus/assert.js
/home/seth177/projects/Bot/node_modules/youtube-node/node_modules/http-signature/lib/signer.js
/home/seth177/projects/Bot/node_modules/youtube-node/node_modules/http-signature/lib/verify.js
/home/seth177/projects/Bot/node_modules/youtube-node/node_modules/http-signature/lib/util.js
/home/seth177/projects/Bot/node_modules/youtube-node/node_modules/asn1/lib/index.js
/home/seth177/projects/Bot/node_modules/youtube-node/node_modules/asn1/lib/ber/index.js
/home/seth177/projects/Bot/node_modules/youtube-node/node_modules/asn1/lib/ber/errors.js
/home/seth177/projects/Bot/node_modules/youtube-node/node_modules/asn1/lib/ber/types.js
/home/seth177/projects/Bot/node_modules/youtube-node/node_modules/asn1/lib/ber/reader.js
/home/seth177/projects/Bot/node_modules/youtube-node/node_modules/asn1/lib/ber/writer.js
/home/seth177/projects/Bot/node_modules/ctype/ctype.js
/home/seth177/projects/Bot/node_modules/ctype/ctf.js
/home/seth177/projects/Bot/node_modules/ctype/ctio.js
/home/seth177/projects/Bot/node_modules/node-uuid/uuid.js
/home/seth177/projects/Bot/node_modules/youtube-node/node_modules/mime-types/index.js
/home/seth177/projects/Bot/node_modules/youtube-node/node_modules/mime-db/index.js
/home/seth177/projects/Bot/node_modules/youtube-node/node_modules/mime-db/db.json
/home/seth177/projects/Bot/node_modules/tunnel-agent/index.js
/home/seth177/projects/Bot/node_modules/stringstream/stringstream.js
/home/seth177/projects/Bot/node_modules/youtube-node/node_modules/caseless/index.js
/home/seth177/projects/Bot/node_modules/youtube-node/node_modules/forever-agent/index.js
/home/seth177/projects/Bot/node_modules/youtube-node/node_modules/form-data/lib/form_data.js
/home/seth177/projects/Bot/node_modules/youtube-node/node_modules/combined-stream/lib/combined_stream.js
/home/seth177/projects/Bot/node_modules/youtube-node/node_modules/delayed-stream/lib/delayed_stream.js
/home/seth177/projects/Bot/node_modules/youtube-node/node_modules/async/lib/async.js
/home/seth177/projects/Bot/node_modules/youtube-node/node_modules/request/lib/copy.js
/home/seth177/projects/Bot/node_modules/isstream/isstream.js
/home/seth177/projects/Bot/node_modules/youtube-node/node_modules/request/lib/getProxyFromURI.js
/home/seth177/projects/Bot/node_modules/youtube-node/node_modules/request/lib/auth.js
/home/seth177/projects/Bot/node_modules/youtube-node/node_modules/request/lib/oauth.js
/home/seth177/projects/Bot/node_modules/youtube-node/node_modules/oauth-sign/index.js
/home/seth177/projects/Bot/node_modules/moment/moment.js
/home/seth177/projects/Bot/node_modules/xkcd-imgs/xkcd-imgs.js
/home/seth177/projects/Bot/node_modules/request/index.js
/home/seth177/projects/Bot/node_modules/extend/index.js
/home/seth177/projects/Bot/node_modules/request/lib/cookies.js
/home/seth177/projects/Bot/node_modules/request/lib/helpers.js
/home/seth177/projects/Bot/node_modules/request/request.js
/home/seth177/projects/Bot/node_modules/bl/bl.js
/home/seth177/projects/Bot/node_modules/readable-stream/duplex.js
/home/seth177/projects/Bot/node_modules/readable-stream/lib/_stream_duplex.js
/home/seth177/projects/Bot/node_modules/process-nextick-args/index.js
/home/seth177/projects/Bot/node_modules/readable-stream/lib/_stream_readable.js
/home/seth177/projects/Bot/node_modules/isarray/index.js
/home/seth177/projects/Bot/node_modules/readable-stream/lib/_stream_writable.js
/home/seth177/projects/Bot/node_modules/util-deprecate/node.js
/home/seth177/projects/Bot/node_modules/hawk/lib/index.js
/home/seth177/projects/Bot/node_modules/hawk/lib/server.js
/home/seth177/projects/Bot/node_modules/hawk/lib/crypto.js
/home/seth177/projects/Bot/node_modules/hawk/lib/utils.js
/home/seth177/projects/Bot/node_modules/hawk/lib/client.js
/home/seth177/projects/Bot/node_modules/aws-sign2/index.js
/home/seth177/projects/Bot/node_modules/http-signature/lib/index.js
/home/seth177/projects/Bot/node_modules/http-signature/lib/parser.js
/home/seth177/projects/Bot/node_modules/assert-plus/assert.js
/home/seth177/projects/Bot/node_modules/http-signature/lib/utils.js
/home/seth177/projects/Bot/node_modules/sshpk/lib/index.js
/home/seth177/projects/Bot/node_modules/sshpk/lib/key.js
/home/seth177/projects/Bot/node_modules/sshpk/node_modules/assert-plus/assert.js
/home/seth177/projects/Bot/node_modules/sshpk/lib/algs.js
/home/seth177/projects/Bot/node_modules/sshpk/lib/fingerprint.js
/home/seth177/projects/Bot/node_modules/sshpk/lib/errors.js
/home/seth177/projects/Bot/node_modules/sshpk/lib/utils.js
/home/seth177/projects/Bot/node_modules/sshpk/lib/private-key.js
/home/seth177/projects/Bot/node_modules/sshpk/lib/signature.js
/home/seth177/projects/Bot/node_modules/asn1/lib/index.js
/home/seth177/projects/Bot/node_modules/asn1/lib/ber/index.js
/home/seth177/projects/Bot/node_modules/asn1/lib/ber/errors.js
/home/seth177/projects/Bot/node_modules/asn1/lib/ber/types.js
/home/seth177/projects/Bot/node_modules/asn1/lib/ber/reader.js
/home/seth177/projects/Bot/node_modules/asn1/lib/ber/writer.js
/home/seth177/projects/Bot/node_modules/sshpk/lib/ssh-buffer.js
/home/seth177/projects/Bot/node_modules/sshpk/lib/ed-compat.js
/home/seth177/projects/Bot/node_modules/sshpk/lib/formats/auto.js
/home/seth177/projects/Bot/node_modules/sshpk/lib/formats/pem.js
/home/seth177/projects/Bot/node_modules/sshpk/lib/formats/pkcs1.js
/home/seth177/projects/Bot/node_modules/sshpk/lib/formats/pkcs8.js
/home/seth177/projects/Bot/node_modules/sshpk/lib/formats/ssh-private.js
/home/seth177/projects/Bot/node_modules/sshpk/lib/formats/rfc4253.js
/home/seth177/projects/Bot/node_modules/sshpk/lib/formats/ssh.js
/home/seth177/projects/Bot/node_modules/sshpk/lib/dhe.js
/home/seth177/projects/Bot/node_modules/http-signature/lib/signer.js
/home/seth177/projects/Bot/node_modules/jsprim/lib/jsprim.js
/home/seth177/projects/Bot/node_modules/extsprintf/lib/extsprintf.js
/home/seth177/projects/Bot/node_modules/verror/lib/verror.js
/home/seth177/projects/Bot/node_modules/json-schema/lib/validate.js
/home/seth177/projects/Bot/node_modules/http-signature/lib/verify.js
/home/seth177/projects/Bot/node_modules/mime-types/index.js
/home/seth177/projects/Bot/node_modules/mime-db/index.js
/home/seth177/projects/Bot/node_modules/mime-db/db.json
/home/seth177/projects/Bot/node_modules/caseless/index.js
/home/seth177/projects/Bot/node_modules/forever-agent/index.js
/home/seth177/projects/Bot/node_modules/form-data/lib/form_data.js
/home/seth177/projects/Bot/node_modules/combined-stream/lib/combined_stream.js
/home/seth177/projects/Bot/node_modules/delayed-stream/lib/delayed_stream.js
/home/seth177/projects/Bot/node_modules/async/lib/async.js
/home/seth177/projects/Bot/node_modules/form-data/lib/populate.js
/home/seth177/projects/Bot/node_modules/is-typedarray/index.js
/home/seth177/projects/Bot/node_modules/request/lib/getProxyFromURI.js
/home/seth177/projects/Bot/node_modules/request/lib/querystring.js
/home/seth177/projects/Bot/node_modules/qs/lib/index.js
/home/seth177/projects/Bot/node_modules/qs/lib/stringify.js
/home/seth177/projects/Bot/node_modules/qs/lib/utils.js
/home/seth177/projects/Bot/node_modules/qs/lib/parse.js
/home/seth177/projects/Bot/node_modules/request/lib/har.js
/home/seth177/projects/Bot/node_modules/har-validator/lib/index.js
/home/seth177/projects/Bot/node_modules/pinkie-promise/index.js
/home/seth177/projects/Bot/node_modules/har-validator/lib/runner.js
/home/seth177/projects/Bot/node_modules/har-validator/lib/schemas/index.js
/home/seth177/projects/Bot/node_modules/har-validator/lib/schemas/cache.json
/home/seth177/projects/Bot/node_modules/har-validator/lib/schemas/cacheEntry.json
/home/seth177/projects/Bot/node_modules/har-validator/lib/schemas/content.json
/home/seth177/projects/Bot/node_modules/har-validator/lib/schemas/cookie.json
/home/seth177/projects/Bot/node_modules/har-validator/lib/schemas/creator.json
/home/seth177/projects/Bot/node_modules/har-validator/lib/schemas/entry.json
/home/seth177/projects/Bot/node_modules/har-validator/lib/schemas/har.json
/home/seth177/projects/Bot/node_modules/har-validator/lib/schemas/log.json
/home/seth177/projects/Bot/node_modules/har-validator/lib/schemas/page.json
/home/seth177/projects/Bot/node_modules/har-validator/lib/schemas/pageTimings.json
/home/seth177/projects/Bot/node_modules/har-validator/lib/schemas/postData.json
/home/seth177/projects/Bot/node_modules/har-validator/lib/schemas/record.json
/home/seth177/projects/Bot/node_modules/har-validator/lib/schemas/request.json
/home/seth177/projects/Bot/node_modules/har-validator/lib/schemas/response.json
/home/seth177/projects/Bot/node_modules/har-validator/lib/schemas/timings.json
/home/seth177/projects/Bot/node_modules/har-validator/lib/error.js
/home/seth177/projects/Bot/node_modules/is-my-json-valid/index.js
/home/seth177/projects/Bot/node_modules/generate-object-property/index.js
/home/seth177/projects/Bot/node_modules/is-property/is-property.js
/home/seth177/projects/Bot/node_modules/generate-function/index.js
/home/seth177/projects/Bot/node_modules/jsonpointer/jsonpointer.js
/home/seth177/projects/Bot/node_modules/xtend/immutable.js
/home/seth177/projects/Bot/node_modules/is-my-json-valid/formats.js
/home/seth177/projects/Bot/node_modules/request/lib/auth.js
/home/seth177/projects/Bot/node_modules/request/lib/oauth.js
/home/seth177/projects/Bot/node_modules/oauth-sign/index.js
/home/seth177/projects/Bot/node_modules/request/lib/multipart.js
/home/seth177/projects/Bot/node_modules/request/lib/redirect.js
/home/seth177/projects/Bot/node_modules/request/lib/tunnel.js
/home/seth177/projects/Bot/node_modules/chalk/index.js
/home/seth177/projects/Bot/node_modules/escape-string-regexp/index.js
/home/seth177/projects/Bot/node_modules/ansi-styles/index.js
/home/seth177/projects/Bot/node_modules/strip-ansi/index.js
/home/seth177/projects/Bot/node_modules/ansi-regex/index.js
/home/seth177/projects/Bot/node_modules/has-ansi/index.js
/home/seth177/projects/Bot/node_modules/supports-color/index.js
/home/seth177/projects/Bot/node_modules/mkdirp/index.js
/home/seth177/projects/Bot/assets/doc.json
/home/seth177/projects/Bot/node_modules/cleverbot-node/lib/cleverbot.js
/home/seth177/projects/Bot/node_modules/pirate-speak/index.js
/home/seth177/projects/Bot/node_modules/pirate-speak/lib/pirate-speak.js
/home/seth177/projects/Bot/node_modules/googleapis/lib/googleapis.js
/home/seth177/projects/Bot/node_modules/googleapis/lib/discovery.js
/home/seth177/projects/Bot/node_modules/googleapis/lib/generator_utils.js
/home/seth177/projects/Bot/node_modules/googleapis/lib/transporters.js
/home/seth177/projects/Bot/node_modules/google-auth-library/lib/transporters.js
/home/seth177/projects/Bot/node_modules/google-auth-library/node_modules/request/index.js
/home/seth177/projects/Bot/node_modules/google-auth-library/node_modules/request/lib/cookies.js
/home/seth177/projects/Bot/node_modules/google-auth-library/node_modules/request/lib/helpers.js
/home/seth177/projects/Bot/node_modules/google-auth-library/node_modules/request/request.js
/home/seth177/projects/Bot/node_modules/google-auth-library/node_modules/bl/bl.js
/home/seth177/projects/Bot/node_modules/google-auth-library/node_modules/aws-sign2/index.js
/home/seth177/projects/Bot/node_modules/google-auth-library/node_modules/http-signature/lib/index.js
/home/seth177/projects/Bot/node_modules/google-auth-library/node_modules/http-signature/lib/parser.js
/home/seth177/projects/Bot/node_modules/google-auth-library/node_modules/assert-plus/assert.js
/home/seth177/projects/Bot/node_modules/google-auth-library/node_modules/http-signature/lib/signer.js
/home/seth177/projects/Bot/node_modules/google-auth-library/node_modules/http-signature/lib/verify.js
/home/seth177/projects/Bot/node_modules/google-auth-library/node_modules/http-signature/lib/util.js
/home/seth177/projects/Bot/node_modules/google-auth-library/node_modules/asn1/lib/index.js
/home/seth177/projects/Bot/node_modules/google-auth-library/node_modules/asn1/lib/ber/index.js
/home/seth177/projects/Bot/node_modules/google-auth-library/node_modules/asn1/lib/ber/errors.js
/home/seth177/projects/Bot/node_modules/google-auth-library/node_modules/asn1/lib/ber/types.js
/home/seth177/projects/Bot/node_modules/google-auth-library/node_modules/asn1/lib/ber/reader.js
/home/seth177/projects/Bot/node_modules/google-auth-library/node_modules/asn1/lib/ber/writer.js
/home/seth177/projects/Bot/node_modules/google-auth-library/node_modules/request/lib/getProxyFromURI.js
/home/seth177/projects/Bot/node_modules/google-auth-library/node_modules/request/lib/querystring.js
/home/seth177/projects/Bot/node_modules/google-auth-library/node_modules/qs/lib/index.js
/home/seth177/projects/Bot/node_modules/google-auth-library/node_modules/qs/lib/stringify.js
/home/seth177/projects/Bot/node_modules/google-auth-library/node_modules/qs/lib/utils.js
/home/seth177/projects/Bot/node_modules/google-auth-library/node_modules/qs/lib/parse.js
/home/seth177/projects/Bot/node_modules/google-auth-library/node_modules/request/lib/har.js
/home/seth177/projects/Bot/node_modules/google-auth-library/node_modules/har-validator/lib/index.js
/home/seth177/projects/Bot/node_modules/google-auth-library/node_modules/har-validator/lib/schemas/index.js
/home/seth177/projects/Bot/node_modules/google-auth-library/node_modules/har-validator/lib/schemas/cache.json
/home/seth177/projects/Bot/node_modules/google-auth-library/node_modules/har-validator/lib/schemas/cacheEntry.json
/home/seth177/projects/Bot/node_modules/google-auth-library/node_modules/har-validator/lib/schemas/content.json
/home/seth177/projects/Bot/node_modules/google-auth-library/node_modules/har-validator/lib/schemas/cookie.json
/home/seth177/projects/Bot/node_modules/google-auth-library/node_modules/har-validator/lib/schemas/creator.json
/home/seth177/projects/Bot/node_modules/google-auth-library/node_modules/har-validator/lib/schemas/entry.json
/home/seth177/projects/Bot/node_modules/google-auth-library/node_modules/har-validator/lib/schemas/har.json
/home/seth177/projects/Bot/node_modules/google-auth-library/node_modules/har-validator/lib/schemas/log.json
/home/seth177/projects/Bot/node_modules/google-auth-library/node_modules/har-validator/lib/schemas/page.json
/home/seth177/projects/Bot/node_modules/google-auth-library/node_modules/har-validator/lib/schemas/pageTimings.json
/home/seth177/projects/Bot/node_modules/google-auth-library/node_modules/har-validator/lib/schemas/postData.json
/home/seth177/projects/Bot/node_modules/google-auth-library/node_modules/har-validator/lib/schemas/record.json
/home/seth177/projects/Bot/node_modules/google-auth-library/node_modules/har-validator/lib/schemas/request.json
/home/seth177/projects/Bot/node_modules/google-auth-library/node_modules/har-validator/lib/schemas/response.json
/home/seth177/projects/Bot/node_modules/google-auth-library/node_modules/har-validator/lib/schemas/timings.json
/home/seth177/projects/Bot/node_modules/google-auth-library/node_modules/har-validator/lib/error.js
/home/seth177/projects/Bot/node_modules/google-auth-library/node_modules/request/lib/auth.js
/home/seth177/projects/Bot/node_modules/google-auth-library/node_modules/request/lib/oauth.js
/home/seth177/projects/Bot/node_modules/google-auth-library/node_modules/request/lib/multipart.js
/home/seth177/projects/Bot/node_modules/google-auth-library/node_modules/request/lib/redirect.js
/home/seth177/projects/Bot/node_modules/google-auth-library/node_modules/request/lib/tunnel.js
/home/seth177/projects/Bot/node_modules/google-auth-library/package.json
/home/seth177/projects/Bot/node_modules/googleapis/lib/apirequest.js
/home/seth177/projects/Bot/node_modules/googleapis/lib/utils.js
/home/seth177/projects/Bot/node_modules/google-auth-library/lib/utils.js
/home/seth177/projects/Bot/node_modules/string-template/index.js
/home/seth177/projects/Bot/node_modules/google-auth-library/lib/auth/googleauth.js
/home/seth177/projects/Bot/node_modules/google-auth-library/lib/auth/jwtclient.js
/home/seth177/projects/Bot/node_modules/google-auth-library/lib/auth/oauth2client.js
/home/seth177/projects/Bot/node_modules/google-auth-library/lib/auth/authclient.js
/home/seth177/projects/Bot/node_modules/google-auth-library/lib/auth/loginticket.js
/home/seth177/projects/Bot/node_modules/lodash.noop/index.js
/home/seth177/projects/Bot/node_modules/google-auth-library/lib/pemverifier.js
/home/seth177/projects/Bot/node_modules/gtoken/lib/index.js
/home/seth177/projects/Bot/node_modules/google-p12-pem/index.js
/home/seth177/projects/Bot/node_modules/node-forge/js/forge.js
/home/seth177/projects/Bot/node_modules/node-forge/js/aes.js
/home/seth177/projects/Bot/node_modules/node-forge/js/aesCipherSuites.js
/home/seth177/projects/Bot/node_modules/node-forge/js/asn1.js
/home/seth177/projects/Bot/node_modules/node-forge/js/cipher.js
/home/seth177/projects/Bot/node_modules/node-forge/js/cipherModes.js
/home/seth177/projects/Bot/node_modules/node-forge/js/debug.js
/home/seth177/projects/Bot/node_modules/node-forge/js/des.js
/home/seth177/projects/Bot/node_modules/node-forge/js/hmac.js
/home/seth177/projects/Bot/node_modules/node-forge/js/kem.js
/home/seth177/projects/Bot/node_modules/node-forge/js/log.js
/home/seth177/projects/Bot/node_modules/node-forge/js/md.js
/home/seth177/projects/Bot/node_modules/node-forge/js/mgf1.js
/home/seth177/projects/Bot/node_modules/node-forge/js/pbkdf2.js
/home/seth177/projects/Bot/node_modules/node-forge/js/pem.js
/home/seth177/projects/Bot/node_modules/node-forge/js/pkcs7.js
/home/seth177/projects/Bot/node_modules/node-forge/js/pkcs1.js
/home/seth177/projects/Bot/node_modules/node-forge/js/pkcs12.js
/home/seth177/projects/Bot/node_modules/node-forge/js/pki.js
/home/seth177/projects/Bot/node_modules/node-forge/js/prime.js
/home/seth177/projects/Bot/node_modules/node-forge/js/prng.js
/home/seth177/projects/Bot/node_modules/node-forge/js/pss.js
/home/seth177/projects/Bot/node_modules/node-forge/js/random.js
/home/seth177/projects/Bot/node_modules/node-forge/js/rc2.js
/home/seth177/projects/Bot/node_modules/node-forge/js/ssh.js
/home/seth177/projects/Bot/node_modules/node-forge/js/task.js
/home/seth177/projects/Bot/node_modules/node-forge/js/tls.js
/home/seth177/projects/Bot/node_modules/node-forge/js/util.js
/home/seth177/projects/Bot/node_modules/node-forge/js/oids.js
/home/seth177/projects/Bot/node_modules/node-forge/js/md5.js
/home/seth177/projects/Bot/node_modules/node-forge/js/sha1.js
/home/seth177/projects/Bot/node_modules/node-forge/js/sha256.js
/home/seth177/projects/Bot/node_modules/node-forge/js/sha512.js
/home/seth177/projects/Bot/node_modules/node-forge/js/pbe.js
/home/seth177/projects/Bot/node_modules/node-forge/js/rsa.js
/home/seth177/projects/Bot/node_modules/node-forge/js/x509.js
/home/seth177/projects/Bot/node_modules/node-forge/js/jsbn.js
/home/seth177/projects/Bot/node_modules/node-forge/js/pkcs7asn1.js
/home/seth177/projects/Bot/node_modules/node-forge/js/mgf.js
/home/seth177/projects/Bot/node_modules/mime/mime.js
/home/seth177/projects/Bot/node_modules/mime/types.json
/home/seth177/projects/Bot/node_modules/jws/index.js
/home/seth177/projects/Bot/node_modules/jws/lib/sign-stream.js
/home/seth177/projects/Bot/node_modules/base64url/index.js
/home/seth177/projects/Bot/node_modules/jws/lib/data-stream.js
/home/seth177/projects/Bot/node_modules/jwa/index.js
/home/seth177/projects/Bot/node_modules/buffer-equal-constant-time/index.js
/home/seth177/projects/Bot/node_modules/jwa/node_modules/base64url/index.js
/home/seth177/projects/Bot/node_modules/ecdsa-sig-formatter/src/ecdsa-sig-formatter.js
/home/seth177/projects/Bot/node_modules/base64-url/index.js
/home/seth177/projects/Bot/node_modules/ecdsa-sig-formatter/src/param-bytes-for-alg.js
/home/seth177/projects/Bot/node_modules/jws/lib/tostring.js
/home/seth177/projects/Bot/node_modules/jws/lib/verify-stream.js
/home/seth177/projects/Bot/node_modules/google-auth-library/lib/auth/jwtaccess.js
/home/seth177/projects/Bot/node_modules/google-auth-library/lib/auth/computeclient.js
/home/seth177/projects/Bot/node_modules/google-auth-library/lib/auth/iam.js
/home/seth177/projects/Bot/node_modules/google-auth-library/lib/auth/refreshclient.js
/home/seth177/projects/Bot/node_modules/googleapis/apis/urlshortener/v1.js
/home/seth177/projects/Bot/node_modules/node-schedule/lib/schedule.js
/home/seth177/projects/Bot/node_modules/cron-parser/lib/parser.js
/home/seth177/projects/Bot/node_modules/cron-parser/lib/expression.js
/home/seth177/projects/Bot/node_modules/cron-parser/lib/date.js
/home/seth177/projects/Bot/node_modules/long-timeout/index.js
/home/seth177/projects/Bot/assets/modules/index.js
/home/seth177/projects/Bot/assets/modules/secondsToTime.js
/home/seth177/projects/Bot/assets/modules/gettime.js
/home/seth177/projects/Bot/assets/modules/writeJSON.js
/home/seth177/projects/Bot/assets/modules/isInArray.js
/home/seth177/projects/Bot/assets/modules/whoIs.js
/home/seth177/projects/Bot/assets/modules/toSentenceCase.js
/home/seth177/projects/Bot/assets/modules/mtg.js
/home/seth177/projects/Bot/assets/modules/lists.js
/home/seth177/projects/Bot/node_modules/winston/lib/winston/transports/file.js
/home/seth177/projects/Bot/assets/modules/question.js
/home/seth177/projects/Bot/node_modules/shortid/index.js
/home/seth177/projects/Bot/node_modules/shortid/lib/index.js
/home/seth177/projects/Bot/node_modules/shortid/lib/alphabet.js
/home/seth177/projects/Bot/node_modules/shortid/lib/random/random-from-seed.js
/home/seth177/projects/Bot/node_modules/shortid/lib/encode.js
/home/seth177/projects/Bot/node_modules/shortid/lib/random/random-byte.js
/home/seth177/projects/Bot/node_modules/shortid/lib/decode.js
/home/seth177/projects/Bot/node_modules/shortid/lib/is-valid.js
/home/seth177/projects/Bot/node_modules/shortid/lib/util/cluster-worker-id.js
/home/seth177/projects/Bot/assets/storage.json
